<?xml version="1.0" encoding="UTF-8"?>
<testsuite xmlns:xsi="http://www.w3.org/2001/XMLSchema-instance" xsi:noNamespaceSchemaLocation="https://maven.apache.org/surefire/maven-surefire-plugin/xsd/surefire-test-report.xsd" name="com.java8study.chapter08.TestLambda" time="0.062" tests="3" errors="0" skipped="0" failures="0">
  <properties>
[...]
</properties>
  <testcase name="testComparingTwoPoints" classname="com.java8study.chapter08.TestLambda" time="0.046"/>
  <testcase name="testMoveAllPointsRightBy" classname="com.java8study.chapter08.TestLambda" time="0.011"/>
  <testcase name="testMoveRightBy" classname="com.java8study.chapter08.TestLambda" time="0"/>
</testsuite>